Arguments: 
  /usr/local/bin/node /usr/local/bin/yarn init

PATH: 
  /Users/steven/workspace/open-git/go-ethereum/build/bin:/opt/homebrew/bin:/opt/homebrew/sbin:/usr/local/bin:/usr/bin:/bin:/usr/sbin:/sbin:/Users/steven/workspace/open-git/go-ethereum/build/bin:/opt/homebrew/bin:/opt/homebrew/sbin:/Users/steven/.cargo/bin:/Users/steven/go/bin:/Users/steven/go/bin

Yarn version: 
  1.22.17

Node version: 
  16.13.1

Platform: 
  darwin arm64

Trace: 
  Error: canceled
      at Interface.<anonymous> (/usr/local/lib/node_modules/yarn/lib/cli.js:137143:13)
      at Interface.emit (node:events:390:28)
      at Interface._ttyWrite (node:readline:1081:16)
      at ReadStream.onkeypress (node:readline:288:10)
      at ReadStream.emit (node:events:390:28)
      at emitKeys (node:internal/readline/utils:358:14)
      at emitKeys.next (<anonymous>)
      at ReadStream.onData (node:internal/readline/emitKeypressEvents:61:36)
      at ReadStream.emit (node:events:390:28)
      at addChunk (node:internal/streams/readable:315:12)

npm manifest: 
  {
      "name": "example02-send-signed-transaction",
      "version": "1.0.0",
      "description": "",
      "main": "index.js",
      "scripts": {
        "test": "node ./node_modules/mocha/bin/mocha"
      },
      "author": "",
      "license": "ISC",
      "dependencies": {
        "@openzeppelin/contracts": "^4.4.2",
        "chai": "^4.2.0",
        "dotenv": "^10.0.0",
        "ethereumjs-tx": "^2.1.2",
        "ethers": "^5.0.17",
        "mocha": "^4.1.0",
        "solc": "0.8.0",
        "web3": "^1.3.5"
      }
    }

yarn manifest: 
  No manifest

Lockfile: 
  No lockfile
